C:\USERS\OMNIA\DOWNLOADS\COMPRESSED\VEZETA\VEZEETA PROJECT\DEBUG\ADMIN.OBJ
C:\USERS\OMNIA\DOWNLOADS\COMPRESSED\VEZETA\VEZEETA PROJECT\DEBUG\DOCTOR.OBJ
C:\USERS\OMNIA\DOWNLOADS\COMPRESSED\VEZETA\VEZEETA PROJECT\DEBUG\MAIN.OBJ
C:\USERS\OMNIA\DOWNLOADS\COMPRESSED\VEZETA\VEZEETA PROJECT\DEBUG\USER.OBJ
C:\USERS\OMNIA\DOWNLOADS\COMPRESSED\VEZETA\VEZEETA PROJECT\DEBUG\VC110.PDB
C:\USERS\OMNIA\DOWNLOADS\COMPRESSED\VEZETA\DEBUG\VEZEETA PROJECT.ILK
C:\USERS\OMNIA\DOWNLOADS\COMPRESSED\VEZETA\DEBUG\VEZEETA PROJECT.EXE
C:\USERS\OMNIA\DOWNLOADS\COMPRESSED\VEZETA\DEBUG\VEZEETA PROJECT.PDB
C:\Users\Omnia\Downloads\Compressed\vezeta\Vezeeta project\Debug\admin.obj
C:\Users\Omnia\Downloads\Compressed\vezeta\Vezeeta project\Debug\doctor.obj
C:\Users\Omnia\Downloads\Compressed\vezeta\Vezeeta project\Debug\main.obj
C:\Users\Omnia\Downloads\Compressed\vezeta\Vezeeta project\Debug\user.obj
C:\Users\Omnia\Downloads\Compressed\vezeta\Vezeeta project\Debug\cl.command.1.tlog
C:\Users\Omnia\Downloads\Compressed\vezeta\Vezeeta project\Debug\CL.read.1.tlog
C:\Users\Omnia\Downloads\Compressed\vezeta\Vezeeta project\Debug\CL.write.1.tlog
C:\Users\Omnia\Downloads\Compressed\vezeta\Vezeeta project\Debug\link-cvtres.read.1.tlog
C:\Users\Omnia\Downloads\Compressed\vezeta\Vezeeta project\Debug\link-cvtres.write.1.tlog
C:\Users\Omnia\Downloads\Compressed\vezeta\Vezeeta project\Debug\link-rc.read.1.tlog
C:\Users\Omnia\Downloads\Compressed\vezeta\Vezeeta project\Debug\link-rc.write.1.tlog
C:\Users\Omnia\Downloads\Compressed\vezeta\Vezeeta project\Debug\link.command.1.tlog
C:\Users\Omnia\Downloads\Compressed\vezeta\Vezeeta project\Debug\link.read.1.tlog
C:\Users\Omnia\Downloads\Compressed\vezeta\Vezeeta project\Debug\link.write.1.tlog
C:\Users\Omnia\Downloads\Compressed\vezeta\Vezeeta project\Debug\vc110.idb
C:\Users\Omnia\Downloads\Compressed\vezeta\Vezeeta project\Debug\vc110.pdb
C:\Users\Omnia\Downloads\Compressed\vezeta\Debug\Vezeeta project.pdb
C:\Users\Omnia\Downloads\Compressed\vezeta\Debug\Vezeeta project.exe
C:\Users\Omnia\Downloads\Compressed\vezeta\Debug\Vezeeta project.ilk
